<?xml version="1.0" encoding="UTF-8"?>
<testng-results ignored="0" total="1" passed="1" failed="0" skipped="0">
  <reporter-output>
  </reporter-output>
  <suite started-at="2019-08-31T22:59:04 CEST" name="Default suite" finished-at="2019-08-31T22:59:28 CEST" duration-ms="24037">
    <groups>
    </groups>
    <test started-at="2019-08-31T22:59:04 CEST" name="Default test" finished-at="2019-08-31T22:59:28 CEST" duration-ms="24037">
      <class name="pages.Test8">
        <test-method is-config="true" signature="setup()[pri:0, instance:pages.Test8@5cdec700]" started-at="2019-08-31T22:59:04 CEST" name="setup" finished-at="2019-08-31T22:59:10 CEST" duration-ms="5688" status="PASS">
          <reporter-output>
          </reporter-output>
        </test-method> <!-- setup -->
        <test-method signature="pages()[pri:0, instance:pages.Test8@5cdec700]" started-at="2019-08-31T22:59:10 CEST" name="pages" finished-at="2019-08-31T22:59:28 CEST" duration-ms="18281" status="PASS">
          <reporter-output>
          </reporter-output>
        </test-method> <!-- pages -->
      </class> <!-- pages.Test8 -->
    </test> <!-- Default test -->
  </suite> <!-- Default suite -->
</testng-results>
